<?xml version="1.0" encoding="UTF-8"?>
<!-- Generated by org.testng.reporters.JUnitReportReporter -->
<testsuite skipped="0" hostname="Shifanas-MBP" name="SeleniumScenarios.XpathLEarning" tests="1" failures="0" timestamp="16 Nov 2018 00:52:09 GMT" time="6.952" errors="0">
  <testcase name="XpathTests" time="6.952" classname="SeleniumScenarios.XpathLEarning"/>
</testsuite> <!-- SeleniumScenarios.XpathLEarning -->
