<?xml version="1.0" encoding="UTF-8"?>
<!-- Generated by org.testng.reporters.JUnitReportReporter -->
<testsuite skipped="0" hostname="Shifanas-MBP" name="SeleniumScenarios.BackForwardNavigate" tests="1" failures="0" timestamp="22 Nov 2018 11:32:17 GMT" time="22.282" errors="0">
  <testcase name="NavigateMethods" time="22.282" classname="SeleniumScenarios.BackForwardNavigate"/>
</testsuite> <!-- SeleniumScenarios.BackForwardNavigate -->
