<?xml version="1.0" encoding="UTF-8"?>
<!-- Generated by org.testng.reporters.JUnitReportReporter -->
<testsuite hostname="Shifanas-MBP" failures="0" tests="1" name="SeleniumScenarios.DropDowns" time="9.306" errors="0" timestamp="07 Oct. 2018 11:35:32 GMT" skipped="0">
  <testcase classname="SeleniumScenarios.DropDowns" name="TestDropDowns" time="9.306"/>
</testsuite> <!-- SeleniumScenarios.DropDowns -->
