<?xml version="1.0" encoding="UTF-8"?>
<!-- Generated by org.testng.reporters.JUnitReportReporter -->
<testsuite hostname="Shifanas-MBP" failures="0" tests="1" name="SeleniumScenarios.RadioButtons" time="8.190" errors="0" timestamp="08 Oct. 2018 00:34:44 GMT" skipped="0">
  <testcase classname="SeleniumScenarios.RadioButtons" name="TestRadioButtons" time="8.190"/>
</testsuite> <!-- SeleniumScenarios.RadioButtons -->
