<?xml version="1.0" encoding="UTF-8"?>
<!-- Generated by org.testng.reporters.JUnitReportReporter -->
<testsuite hostname="Shifanas-MacBook-Pro.local" failures="0" tests="3" name="com.learnjava.TestNGLearning" time="0.015" errors="0" timestamp="06 Sep. 2018 07:46:24 GMT" skipped="0">
  <testcase classname="com.learnjava.TestNGLearning" name="method_3" time="0.013"/>
  <testcase classname="com.learnjava.TestNGLearning" name="method_2" time="0.001"/>
  <testcase classname="com.learnjava.TestNGLearning" name="method_1" time="0.001"/>
</testsuite> <!-- com.learnjava.TestNGLearning -->
