<?xml version="1.0" encoding="UTF-8"?>
<!-- Generated by org.testng.reporters.JUnitReportReporter -->
<testsuite skipped="0" hostname="Shifanas-MBP" name="SeleniumScenarios.ExplicitlyWaitTest" tests="1" failures="0" timestamp="22 Nov 2018 13:56:11 GMT" time="6.279" errors="0">
  <testcase name="ExplicitWaitTesting" time="6.279" classname="SeleniumScenarios.ExplicitlyWaitTest"/>
</testsuite> <!-- SeleniumScenarios.ExplicitlyWaitTest -->
