<?xml version="1.0" encoding="UTF-8"?>
<!-- Generated by org.testng.reporters.JUnitReportReporter -->
<testsuite hostname="Shifanas-MBP" failures="0" tests="5" name="DataProviderLearning.DataProvider_Driver" time="0.015" errors="0" timestamp="20 Sep. 2018 07:28:48 GMT" skipped="0">
  <testcase classname="DataProviderLearning.DataProvider_Driver" name="testAdd" time="0.002"/>
  <testcase classname="DataProviderLearning.DataProvider_Driver" name="testAdd" time="0.008"/>
  <testcase classname="DataProviderLearning.DataProvider_Driver" name="testAdd" time="0.001"/>
  <testcase classname="DataProviderLearning.DataProvider_Driver" name="testAdd" time="0.001"/>
  <testcase classname="DataProviderLearning.DataProvider_Driver" name="testAdd" time="0.003"/>
</testsuite> <!-- DataProviderLearning.DataProvider_Driver -->
