<?xml version="1.0" encoding="UTF-8"?>
<!-- Generated by org.testng.reporters.JUnitReportReporter -->
<testsuite skipped="0" hostname="Shifanas-MBP" name="SeleniumScenarios.KeyPressTest" tests="1" failures="0" timestamp="12 Nov 2018 00:35:07 GMT" time="10.568" errors="0">
  <testcase name="testKeyPresses" time="10.568" classname="SeleniumScenarios.KeyPressTest"/>
</testsuite> <!-- SeleniumScenarios.KeyPressTest -->
