<?xml version="1.0" encoding="UTF-8"?>
<!-- Generated by org.testng.reporters.JUnitReportReporter -->
<testsuite skipped="0" hostname="Shifanas-MBP" name="SeleniumScenarios.CalendarFreeCRM" tests="1" failures="0" timestamp="23 Nov 2018 12:07:58 GMT" time="16.795" errors="0">
  <testcase name="TestCalendar" time="16.795" classname="SeleniumScenarios.CalendarFreeCRM"/>
</testsuite> <!-- SeleniumScenarios.CalendarFreeCRM -->
