<?xml version="1.0" encoding="UTF-8"?>
<!-- Generated by org.testng.reporters.JUnitReportReporter -->
<testsuite skipped="0" hostname="Shifanas-MBP" name="SeleniumScenarios.JavascriptExecutorSample" tests="1" failures="0" timestamp="12 Nov 2018 00:10:01 GMT" time="8.283" errors="0">
  <testcase name="testMethod" time="8.283" classname="SeleniumScenarios.JavascriptExecutorSample"/>
</testsuite> <!-- SeleniumScenarios.JavascriptExecutorSample -->
