<?xml version="1.0" encoding="UTF-8"?>
<!-- Generated by org.testng.reporters.JUnitReportReporter -->
<testsuite hostname="Shifanas-MBP" failures="0" tests="1" name="SeleniumScenarios.DropDowns2" time="10.029" errors="0" timestamp="07 Oct. 2018 11:56:44 GMT" skipped="0">
  <testcase classname="SeleniumScenarios.DropDowns2" name="TestDropDowns" time="10.029"/>
</testsuite> <!-- SeleniumScenarios.DropDowns2 -->
